24-05-03 15:02:10.449 [main] INFO  o.s.b.t.c.SpringBootTestContextBootstrapper - Neither @ContextConfiguration nor @ContextHierarchy found for test class [com.java.group.JavatechieGroupServiceApplicationTests], using SpringBootContextLoader 
24-05-03 15:02:10.463 [main] INFO  o.s.t.c.s.AbstractContextLoader - Could not detect default resource locations for test class [com.java.group.JavatechieGroupServiceApplicationTests]: no resource found for suffixes {-context.xml, Context.groovy}. 
24-05-03 15:02:10.465 [main] INFO  o.s.t.c.s.AnnotationConfigContextLoaderUtils - Could not detect default configuration classes for test class [com.java.group.JavatechieGroupServiceApplicationTests]: JavatechieGroupServiceApplicationTests does not declare any static, non-private, non-final, nested classes annotated with @Configuration. 
24-05-03 15:02:10.877 [main] INFO  o.s.b.t.c.SpringBootTestContextBootstrapper - Found @SpringBootConfiguration com.java.group.JavaGroupServiceApplication for test class com.java.group.JavatechieGroupServiceApplicationTests 
24-05-03 15:02:11.125 [main] INFO  o.s.b.t.c.SpringBootTestContextBootstrapper - Loaded default TestExecutionListener class names from location [META-INF/spring.factories]: [org.springframework.boot.test.mock.mockito.MockitoTestExecutionListener, org.springframework.boot.test.mock.mockito.ResetMocksTestExecutionListener, org.springframework.boot.test.autoconfigure.restdocs.RestDocsTestExecutionListener, org.springframework.boot.test.autoconfigure.web.client.MockRestServiceServerResetTestExecutionListener, org.springframework.boot.test.autoconfigure.web.servlet.MockMvcPrintOnlyOnFailureTestExecutionListener, org.springframework.boot.test.autoconfigure.web.servlet.WebDriverTestExecutionListener, org.springframework.boot.test.autoconfigure.webservices.client.MockWebServiceServerTestExecutionListener, org.springframework.test.context.web.ServletTestExecutionListener, org.springframework.test.context.support.DirtiesContextBeforeModesTestExecutionListener, org.springframework.test.context.support.DependencyInjectionTestExecutionListener, org.springframework.test.context.support.DirtiesContextTestExecutionListener, org.springframework.test.context.transaction.TransactionalTestExecutionListener, org.springframework.test.context.jdbc.SqlScriptsTestExecutionListener, org.springframework.test.context.event.EventPublishingTestExecutionListener, org.springframework.security.test.context.support.WithSecurityContextTestExecutionListener, org.springframework.security.test.context.support.ReactorContextTestExecutionListener] 
24-05-03 15:02:11.201 [main] INFO  o.s.b.t.c.SpringBootTestContextBootstrapper - Using TestExecutionListeners: [org.springframework.test.context.web.ServletTestExecutionListener@4cc76301, org.springframework.test.context.support.DirtiesContextBeforeModesTestExecutionListener@2f08c4b, org.springframework.boot.test.mock.mockito.MockitoTestExecutionListener@3f19b8b3, org.springframework.boot.test.autoconfigure.SpringBootDependencyInjectionTestExecutionListener@7de0c6ae, org.springframework.test.context.support.DirtiesContextTestExecutionListener@a486d78, org.springframework.test.context.transaction.TransactionalTestExecutionListener@cdc3aae, org.springframework.test.context.jdbc.SqlScriptsTestExecutionListener@7ef2d7a6, org.springframework.test.context.event.EventPublishingTestExecutionListener@5dcbb60, org.springframework.security.test.context.support.WithSecurityContextTestExecutionListener@4c36250e, org.springframework.security.test.context.support.ReactorContextTestExecutionListener@21526f6c, org.springframework.boot.test.mock.mockito.ResetMocksTestExecutionListener@49f5c307, org.springframework.boot.test.autoconfigure.restdocs.RestDocsTestExecutionListener@299266e2, org.springframework.boot.test.autoconfigure.web.client.MockRestServiceServerResetTestExecutionListener@5471388b, org.springframework.boot.test.autoconfigure.web.servlet.MockMvcPrintOnlyOnFailureTestExecutionListener@66ea1466, org.springframework.boot.test.autoconfigure.web.servlet.WebDriverTestExecutionListener@1601e47, org.springframework.boot.test.autoconfigure.webservices.client.MockWebServiceServerTestExecutionListener@3bffddff] 
24-05-03 15:02:11.813 [main] INFO  c.j.g.JavatechieGroupServiceApplicationTests - Starting JavatechieGroupServiceApplicationTests using Java 17.0.8.1 on DESKTOP-3E6C941 with PID 7224 (started by Admin in C:\Users\Admin\SHM-PROJECT\BACKEND-SHM) 
24-05-03 15:02:11.823 [main] INFO  c.j.g.JavatechieGroupServiceApplicationTests - No active profile set, falling back to default profiles: default 
24-05-03 15:02:13.918 [main] INFO  o.s.d.r.c.RepositoryConfigurationDelegate - Bootstrapping Spring Data JPA repositories in DEFERRED mode. 
24-05-03 15:02:14.180 [main] INFO  o.s.d.r.c.RepositoryConfigurationDelegate - Finished Spring Data repository scanning in 243 ms. Found 5 JPA repository interfaces. 
24-05-03 15:02:15.470 [main] INFO  o.s.s.c.ThreadPoolTaskExecutor - Initializing ExecutorService 'applicationTaskExecutor' 
24-05-03 15:02:15.620 [task-1] INFO  o.h.jpa.internal.util.LogHelper - HHH000204: Processing PersistenceUnitInfo [name: default] 
24-05-03 15:02:15.745 [main] WARN  o.s.b.a.o.j.JpaBaseConfiguration$JpaWebConfiguration - spring.jpa.open-in-view is enabled by default. Therefore, database queries may be performed during view rendering. Explicitly configure spring.jpa.open-in-view to disable this warning 
24-05-03 15:02:15.901 [task-1] INFO  org.hibernate.Version - HHH000412: Hibernate ORM core version 5.4.23.Final 
24-05-03 15:02:15.986 [main] INFO  c.j.g.controller.BridgeController - Fetching bridgecontroller{} 
24-05-03 15:02:16.148 [main] INFO  c.j.group.controller.FileController - Fetching logincontorller{} 
24-05-03 15:02:16.167 [main] INFO  c.j.g.controller.MasterController - Fetching mastercontroller{} 
24-05-03 15:02:16.187 [main] INFO  c.j.g.c.PasswordResetController - Fetching bridgecontroller{} 
24-05-03 15:02:16.211 [main] INFO  c.j.group.controller.UserController - Fetching logincontorller{} 
24-05-03 15:02:16.366 [task-1] INFO  o.h.annotations.common.Version - HCANN000001: Hibernate Commons Annotations {5.1.2.Final} 
24-05-03 15:02:16.592 [main] INFO  o.s.s.web.DefaultSecurityFilterChain - Will secure Ant [pattern='/**', OPTIONS] with [] 
24-05-03 15:02:16.865 [main] DEBUG o.s.s.w.a.e.ExpressionBasedFilterInvocationSecurityMetadataSource - Adding web access control expression [permitAll] for Ant [pattern='/login'] 
24-05-03 15:02:16.935 [task-1] INFO  com.zaxxer.hikari.HikariDataSource - HikariPool-1 - Starting... 
24-05-03 15:02:16.946 [main] INFO  o.s.s.web.DefaultSecurityFilterChain - Will secure any request with [org.springframework.security.web.context.request.async.WebAsyncManagerIntegrationFilter@6b063470, org.springframework.security.web.context.SecurityContextPersistenceFilter@5b48f0f4, org.springframework.security.web.header.HeaderWriterFilter@682e422c, org.springframework.web.filter.CorsFilter@226d5af0, org.springframework.security.web.authentication.logout.LogoutFilter@52ecc989, com.java.group.config.JwtRequestFilter@27f3f512, org.springframework.security.web.authentication.UsernamePasswordAuthenticationFilter@21274afe, org.springframework.security.web.authentication.www.BasicAuthenticationFilter@2c8b8de0, org.springframework.security.web.savedrequest.RequestCacheAwareFilter@27ec8754, org.springframework.security.web.servletapi.SecurityContextHolderAwareRequestFilter@656842bc, org.springframework.security.web.authentication.AnonymousAuthenticationFilter@527937d0, org.springframework.security.web.session.SessionManagementFilter@72c9ebfa, org.springframework.security.web.access.ExceptionTranslationFilter@7a66c35a, org.springframework.security.web.access.intercept.FilterSecurityInterceptor@7ceb6c45] 
24-05-03 15:02:18.081 [task-1] INFO  com.zaxxer.hikari.HikariDataSource - HikariPool-1 - Start completed. 
24-05-03 15:02:18.122 [task-1] INFO  org.hibernate.dialect.Dialect - HHH000400: Using dialect: org.hibernate.dialect.MySQL5Dialect 
24-05-03 15:02:19.405 [main] INFO  o.s.d.r.c.DeferredRepositoryInitializationListener - Triggering deferred initialization of Spring Data repositories… 
24-05-03 15:02:20.699 [task-1] INFO  o.h.e.t.j.p.i.JtaPlatformInitiator - HHH000490: Using JtaPlatform implementation: [org.hibernate.engine.transaction.jta.platform.internal.NoJtaPlatform] 
24-05-03 15:02:20.719 [task-1] INFO  o.s.o.j.LocalContainerEntityManagerFactoryBean - Initialized JPA EntityManagerFactory for persistence unit 'default' 
24-05-03 15:02:21.697 [main] INFO  o.s.d.r.c.DeferredRepositoryInitializationListener - Spring Data repositories initialized! 
24-05-03 15:02:21.754 [main] INFO  c.j.g.JavatechieGroupServiceApplicationTests - Started JavatechieGroupServiceApplicationTests in 10.455 seconds (JVM running for 13.077) 
24-05-03 15:02:22.342 [SpringContextShutdownHook] INFO  o.s.o.j.LocalContainerEntityManagerFactoryBean - Closing JPA EntityManagerFactory for persistence unit 'default' 
24-05-03 15:02:22.346 [SpringContextShutdownHook] INFO  o.s.s.c.ThreadPoolTaskExecutor - Shutting down ExecutorService 'applicationTaskExecutor' 
24-05-03 15:02:22.347 [SpringContextShutdownHook] INFO  com.zaxxer.hikari.HikariDataSource - HikariPool-1 - Shutdown initiated... 
24-05-03 15:02:22.368 [SpringContextShutdownHook] INFO  com.zaxxer.hikari.HikariDataSource - HikariPool-1 - Shutdown completed. 
